Unity Editor version:    2022.2.1f1 (4fead5835099)
Branch:                  2022.2/release
Build type:              Release
Batch mode:              YES
macOS version:           Version 12.5 (Build 21G72)
Darwin version:          21.6.0
Architecture:            x86_64
Running under Rosetta:   NO
Available memory:        8192 MB
Using pre-set license
Pro License: YES

COMMAND LINE ARGUMENTS:
/Applications/Unity/Unity.app/Contents/MacOS/Unity
-adb2
-batchMode
-noUpm
-name
AssetImportWorker0
-projectPath
/Users/net/Game-Design_Digital-Game-Project
-logFile
Logs/AssetImportWorker0.log
-srvPort
54304
Successfully changed project path to: /Users/net/Game-Design_Digital-Game-Project
/Users/net/Game-Design_Digital-Game-Project
[UnityMemory] Configuration Parameters - Can be set up in boot.config
    "memorysetup-bucket-allocator-granularity=16"
    "memorysetup-bucket-allocator-bucket-count=8"
    "memorysetup-bucket-allocator-block-size=33554432"
    "memorysetup-bucket-allocator-block-count=8"
    "memorysetup-main-allocator-block-size=16777216"
    "memorysetup-thread-allocator-block-size=16777216"
    "memorysetup-gfx-main-allocator-block-size=16777216"
    "memorysetup-gfx-thread-allocator-block-size=16777216"
    "memorysetup-cache-allocator-block-size=4194304"
    "memorysetup-typetree-allocator-block-size=2097152"
    "memorysetup-profiler-bucket-allocator-granularity=16"
    "memorysetup-profiler-bucket-allocator-bucket-count=8"
    "memorysetup-profiler-bucket-allocator-block-size=33554432"
    "memorysetup-profiler-bucket-allocator-block-count=8"
    "memorysetup-profiler-allocator-block-size=16777216"
    "memorysetup-profiler-editor-allocator-block-size=1048576"
    "memorysetup-temp-allocator-size-main=16777216"
    "memorysetup-job-temp-allocator-block-size=2097152"
    "memorysetup-job-temp-allocator-block-size-background=1048576"
    "memorysetup-job-temp-allocator-reduction-small-platforms=262144"
    "memorysetup-temp-allocator-size-background-worker=32768"
    "memorysetup-temp-allocator-size-job-worker=262144"
    "memorysetup-temp-allocator-size-preload-manager=33554432"
    "memorysetup-temp-allocator-size-nav-mesh-worker=65536"
    "memorysetup-temp-allocator-size-audio-worker=65536"
    "memorysetup-temp-allocator-size-cloud-worker=32768"
    "memorysetup-temp-allocator-size-gi-baking-worker=262144"
    "memorysetup-temp-allocator-size-gfx=262144"
Player connection [4563203584] Host "[IP] 172.19.137.131 [Port] 0 [Flags] 2 [Guid] 3859180795 [EditorId] 3859180795 [Version] 1048832 [Id] OSXEditor(0,tccde-MacBook-Pro.local) [Debug] 1 [PackageName] OSXEditor [ProjectName] Editor" joined multi-casting on [225.0.0.222:54997]...

Player connection [4563203584] Host "[IP] 172.19.137.131 [Port] 0 [Flags] 2 [Guid] 3859180795 [EditorId] 3859180795 [Version] 1048832 [Id] OSXEditor(0,tccde-MacBook-Pro.local) [Debug] 1 [PackageName] OSXEditor [ProjectName] Editor" joined alternative multi-casting on [225.0.0.222:34997]...

Refreshing native plugins compatible for Editor in 36.95 ms, found 3 plugins.
Preloading 0 native plugins for Editor in 0.00 ms.
Initialize engine version: 2022.2.1f1 (4fead5835099)
[Subsystems] Discovering subsystems at path /Applications/Unity/Unity.app/Contents/Resources/UnitySubsystems
[Subsystems] Discovering subsystems at path /Users/net/Game-Design_Digital-Game-Project/Assets
GfxDevice: creating device client; threaded=0; jobified=0
Color LCD preferred device: Intel(R) Iris(TM) Plus Graphics 640 (low power)
Metal devices available: 1
0: Intel(R) Iris(TM) Plus Graphics 640 (low power)
Using device Intel(R) Iris(TM) Plus Graphics 640 (low power)
Initializing Metal device caps: Intel(R) Iris(TM) Plus Graphics 640
Initialize mono
Mono path[0] = '/Applications/Unity/Unity.app/Contents/Managed'
Mono path[1] = '/Applications/Unity/Unity.app/Contents/MonoBleedingEdge/lib/mono/unityjit-macos'
Mono config path = '/Applications/Unity/Unity.app/Contents/MonoBleedingEdge/etc'
Using monoOptions --debugger-agent=transport=dt_socket,embedding=1,server=y,suspend=n,address=127.0.0.1:56314
Begin MonoManager ReloadAssembly
Registering precompiled unity dll's ...
Register platform support module: /Applications/Unity/Unity.app/Contents/PlaybackEngines/MacStandaloneSupport/UnityEditor.OSXStandalone.Extensions.dll
Registered in 0.003573 seconds.
- Loaded All Assemblies, in  0.603 seconds
Native extension for OSXStandalone target not found
Mono: successfully reloaded assembly
- Finished resetting the current domain, in  0.469 seconds
Domain Reload Profiling:
	ReloadAssembly (368ms)
		BeginReloadAssembly (173ms)
			ExecutionOrderSort (0ms)
			DisableScriptedObjects (0ms)
			BackupInstance (0ms)
			ReleaseScriptingObjects (0ms)
			CreateAndSetChildDomain (1ms)
		LoadAllAssembliesAndSetupDomain (0ms)
			LoadAssemblies (175ms)
			RebuildTransferFunctionScriptingTraits (0ms)
			SetupTypeCache (229ms)
				TypeCache.Initialize (228ms)
					TypeCache.ScanAssembly (227ms)
				ResolveRequiredComponents (1ms)
		FinalizeReload (0ms)
			ReleaseScriptCaches (0ms)
			RebuildScriptCaches (0ms)
			SetupLoadedEditorAssemblies (370ms)
				LogAssemblyErrors (0ms)
				InitializePlatformSupportModulesInManaged (10ms)
				SetLoadedEditorAssemblies (13ms)
				RefreshPlugins (0ms)
				BeforeProcessingInitializeOnLoad (2ms)
				ProcessInitializeOnLoadAttributes (260ms)
				ProcessInitializeOnLoadMethodAttributes (86ms)
				AfterProcessingInitializeOnLoad (0ms)
				EditorAssembliesLoaded (0ms)
			ExecutionOrderSort2 (0ms)
			AwakeInstancesAfterBackupRestoration (0ms)
========================================================================
Worker process is ready to serve import requests
Begin MonoManager ReloadAssembly
Symbol file LoadedFromMemory doesn't match image /Users/net/Game-Design_Digital-Game-Project/Library/PackageCache/com.unity.visualscripting@1.7.8/Editor/VisualScripting.Core/Dependencies/YamlDotNet/Unity.VisualScripting.YamlDotNet.dll
Symbol file LoadedFromMemory doesn't match image /Users/net/Game-Design_Digital-Game-Project/Library/PackageCache/com.unity.visualscripting@1.7.8/Editor/VisualScripting.Core/Dependencies/DotNetZip/Unity.VisualScripting.IonicZip.dll
- Loaded All Assemblies, in  1.381 seconds
Refreshing native plugins compatible for Editor in 3.58 ms, found 3 plugins.
Native extension for OSXStandalone target not found
Mono: successfully reloaded assembly
- Finished resetting the current domain, in  1.005 seconds
Domain Reload Profiling:
	ReloadAssembly (367ms)
		BeginReloadAssembly (201ms)
			ExecutionOrderSort (0ms)
			DisableScriptedObjects (12ms)
			BackupInstance (0ms)
			ReleaseScriptingObjects (0ms)
			CreateAndSetChildDomain (54ms)
		LoadAllAssembliesAndSetupDomain (1014ms)
			LoadAssemblies (182ms)
			RebuildTransferFunctionScriptingTraits (0ms)
			SetupTypeCache (893ms)
				TypeCache.Initialize (511ms)
					TypeCache.ScanAssembly (506ms)
				ResolveRequiredComponents (9ms)
		FinalizeReload (0ms)
			ReleaseScriptCaches (0ms)
			RebuildScriptCaches (0ms)
			SetupLoadedEditorAssemblies (716ms)
				LogAssemblyErrors (0ms)
				InitializePlatformSupportModulesInManaged (5ms)
				SetLoadedEditorAssemblies (14ms)
				RefreshPlugins (0ms)
				BeforeProcessingInitializeOnLoad (98ms)
				ProcessInitializeOnLoadAttributes (488ms)
				ProcessInitializeOnLoadMethodAttributes (110ms)
				AfterProcessingInitializeOnLoad (1ms)
				EditorAssembliesLoaded (0ms)
			ExecutionOrderSort2 (0ms)
			AwakeInstancesAfterBackupRestoration (7ms)
Launching external process: /Applications/Unity/Unity.app/Contents/Tools/UnityShaderCompiler
Launched and connected shader compiler UnityShaderCompiler after 0.08 seconds
Refreshing native plugins compatible for Editor in 3.51 ms, found 3 plugins.
Preloading 0 native plugins for Editor in 0.00 ms.
Unloading 4423 Unused Serialized files (Serialized files now loaded: 0)
Unloading 52 unused Assets / (1.3 MB). Loaded Objects now: 4870.
Memory consumption went from 0.79 GB to 0.79 GB.
Total: 5.950885 ms (FindLiveObjects: 0.606902 ms CreateObjectMapping: 0.558565 ms MarkObjects: 4.302325 ms  DeleteObjects: 0.480944 ms)

AssetImportParameters requested are different than current active one (requested -> active):
  custom:container-demuxer-ogg: 62fdf1f143b41e24485cea50d1cbac27 -> 
  custom:video-decoder-ogg-theora: a1e56fd34408186e4bbccfd4996cb3dc -> 
  custom:container-demuxer-webm: 4f35f7cbe854078d1ac9338744f61a02 -> 
  custom:container-muxer-webm: aa71ff27fc2769a1b78a27578f13a17b -> 
  custom:video-decoder-webm-vp8: 9c59270c3fd7afecdb556c50c9e8de78 -> 
  custom:AudioImporter_EditorPlatform: 3918e3fc78b5a79bad01e8451be0beb8 -> 
  custom:framework-osx-AVFoundation: e770b220cccbd017edd2c1fefb359320 -> 
  custom:video-encoder-webm-vp8: eb34c28f22e8b96e1ab97ce403110664 -> 
  custom:audio-decoder-ogg-vorbis: bf7c407c2cedff20999df2af8eb42d56 -> 
  custom:audio-encoder-webm-vorbis: bf7c407c2cedff20999df2af8eb42d56 -> 
========================================================================
Received Import Request.
  Time since last request: 294844.188450 seconds.
  path: Assets/Scenes/Level 4.unity
  artifactKey: Guid(fe95a294b33cb469e8da3941c606b379) Importer(815301076,1909f56bfc062723c751e8b465ee728b)
Number of updated assets reloaded before import = 0
Start importing Assets/Scenes/Level 4.unity using Guid(fe95a294b33cb469e8da3941c606b379) Importer(815301076,1909f56bfc062723c751e8b465ee728b)  -> (artifact id: 'bc5099946aaf41c84ac54869fcb45dea') in 0.003089 seconds 
Number of asset objects unloaded after import = 0
========================================================================
Received Import Request.
  Time since last request: 151.912159 seconds.
  path: Assets/Materials/PostProcessing/Outline.asset
  artifactKey: Guid(a74f619d169c24f8984b9294c4aaa061) Importer(815301076,1909f56bfc062723c751e8b465ee728b)
Number of updated assets reloaded before import = 0
Start importing Assets/Materials/PostProcessing/Outline.asset using Guid(a74f619d169c24f8984b9294c4aaa061) Importer(815301076,1909f56bfc062723c751e8b465ee728b)  -> (artifact id: '5e4bed2523909225934a45dc8b05d6d0') in 1.899479 seconds 
Number of asset objects unloaded after import = 1
========================================================================
Received Import Request.
  Time since last request: 16.450003 seconds.
  path: Assets/Scenes/Template Level.unity
  artifactKey: Guid(b9515d66584c74950877ae540c7c557a) Importer(815301076,1909f56bfc062723c751e8b465ee728b)
Number of updated assets reloaded before import = 0
Start importing Assets/Scenes/Template Level.unity using Guid(b9515d66584c74950877ae540c7c557a) Importer(815301076,1909f56bfc062723c751e8b465ee728b)  -> (artifact id: 'eafe7c39f6246437fd95bc9b982ebf64') in 0.001481 seconds 
Number of asset objects unloaded after import = 0
========================================================================
Received Import Request.
  Time since last request: 32.926675 seconds.
  path: Assets/Sprites/SuperMarket
  artifactKey: Guid(49be642feeb8e0a40b2aa72acbc86a6a) Importer(815301076,1909f56bfc062723c751e8b465ee728b)
Number of updated assets reloaded before import = 0
Start importing Assets/Sprites/SuperMarket using Guid(49be642feeb8e0a40b2aa72acbc86a6a) Importer(815301076,1909f56bfc062723c751e8b465ee728b)  -> (artifact id: 'c6d664c3af1a79b3c91ee11711bec31c') in 0.001752 seconds 
Number of asset objects unloaded after import = 0
========================================================================
Received Import Request.
  Time since last request: 0.107115 seconds.
  path: Assets/Sprites/SuperMarket/baking_powder.png
  artifactKey: Guid(cf7f41ef5285ba34c8afdd079d3b0b55) Importer(815301076,1909f56bfc062723c751e8b465ee728b)
Number of updated assets reloaded before import = 0
Start importing Assets/Sprites/SuperMarket/baking_powder.png using Guid(cf7f41ef5285ba34c8afdd079d3b0b55) Importer(815301076,1909f56bfc062723c751e8b465ee728b)  -> (artifact id: '142cfe97030b6cb94ddbdb0dfda2cb59') in 1.503152 seconds 
Number of asset objects unloaded after import = 3
========================================================================
Received Import Request.
  Time since last request: 0.000083 seconds.
  path: Assets/Sprites/SuperMarket/basket_metal.png
  artifactKey: Guid(fc02d0556d4a9c24eb8b1432a9143db0) Importer(815301076,1909f56bfc062723c751e8b465ee728b)
Number of updated assets reloaded before import = 0
Start importing Assets/Sprites/SuperMarket/basket_metal.png using Guid(fc02d0556d4a9c24eb8b1432a9143db0) Importer(815301076,1909f56bfc062723c751e8b465ee728b)  -> (artifact id: '4035d14b8f301748f965f3cdf8c07ace') in 0.031890 seconds 
Number of asset objects unloaded after import = 3
========================================================================
Received Import Request.
  Time since last request: 0.000064 seconds.
  path: Assets/Sprites/SuperMarket/batteries.png
  artifactKey: Guid(191b9131ce1a08e4898162342bbea319) Importer(815301076,1909f56bfc062723c751e8b465ee728b)
Number of updated assets reloaded before import = 0
Start importing Assets/Sprites/SuperMarket/batteries.png using Guid(191b9131ce1a08e4898162342bbea319) Importer(815301076,1909f56bfc062723c751e8b465ee728b)  -> (artifact id: 'e93346fd862897fc0a576dc5764bab62') in 0.041745 seconds 
Number of asset objects unloaded after import = 3
========================================================================
Received Import Request.
  Time since last request: 0.000070 seconds.
  path: Assets/Sprites/SuperMarket/bathroom_cleaner.png
  artifactKey: Guid(8c7095f8e2a61e54f8fe702b7e4a708b) Importer(815301076,1909f56bfc062723c751e8b465ee728b)
Number of updated assets reloaded before import = 0
Start importing Assets/Sprites/SuperMarket/bathroom_cleaner.png using Guid(8c7095f8e2a61e54f8fe702b7e4a708b) Importer(815301076,1909f56bfc062723c751e8b465ee728b)  -> (artifact id: '6b3dfc60505385a51d076429985f90b2') in 0.050452 seconds 
Number of asset objects unloaded after import = 3
========================================================================
Received Import Request.
  Time since last request: 0.000092 seconds.
  path: Assets/Sprites/SuperMarket/bowl.png
  artifactKey: Guid(991aaa2190164864086e58017f4f8ff7) Importer(815301076,1909f56bfc062723c751e8b465ee728b)
Number of updated assets reloaded before import = 0
Start importing Assets/Sprites/SuperMarket/bowl.png using Guid(991aaa2190164864086e58017f4f8ff7) Importer(815301076,1909f56bfc062723c751e8b465ee728b)  -> (artifact id: '818543335cc71b6d9d274a96aef05a2d') in 0.030673 seconds 
Number of asset objects unloaded after import = 3
========================================================================
Received Import Request.
  Time since last request: 0.000063 seconds.
  path: Assets/Sprites/SuperMarket/barbeque_sauce.png
  artifactKey: Guid(1f50bdd2809a04243ac3d5604ca03e0f) Importer(815301076,1909f56bfc062723c751e8b465ee728b)
Number of updated assets reloaded before import = 0
Start importing Assets/Sprites/SuperMarket/barbeque_sauce.png using Guid(1f50bdd2809a04243ac3d5604ca03e0f) Importer(815301076,1909f56bfc062723c751e8b465ee728b)  -> (artifact id: '86197a6864f8e2fb8f9b66f296883d32') in 0.048612 seconds 
Number of asset objects unloaded after import = 3
========================================================================
Received Import Request.
  Time since last request: 0.000083 seconds.
  path: Assets/Sprites/SuperMarket/basket_yellow.png
  artifactKey: Guid(232b0cdc1b9cf9742bf8f23bd1e58d64) Importer(815301076,1909f56bfc062723c751e8b465ee728b)
Number of updated assets reloaded before import = 0
Start importing Assets/Sprites/SuperMarket/basket_yellow.png using Guid(232b0cdc1b9cf9742bf8f23bd1e58d64) Importer(815301076,1909f56bfc062723c751e8b465ee728b)  -> (artifact id: 'c63e0a266b8fe3ccb44607c36cbb0d62') in 0.041236 seconds 
Number of asset objects unloaded after import = 3
========================================================================
Received Import Request.
  Time since last request: 0.000062 seconds.
  path: Assets/Sprites/SuperMarket/bell_pepper_p.png
  artifactKey: Guid(0dcf3956aec40a94bad21dfdbf999c99) Importer(815301076,1909f56bfc062723c751e8b465ee728b)
Number of updated assets reloaded before import = 0
Start importing Assets/Sprites/SuperMarket/bell_pepper_p.png using Guid(0dcf3956aec40a94bad21dfdbf999c99) Importer(815301076,1909f56bfc062723c751e8b465ee728b)  -> (artifact id: '5c01c5d504c6f56272601ae1a2cbcceb') in 0.025507 seconds 
Number of asset objects unloaded after import = 3
========================================================================
Received Import Request.
  Time since last request: 0.000072 seconds.
  path: Assets/Sprites/SuperMarket/aluminum_foil.png
  artifactKey: Guid(01db2146b4101f14fbfd80c34e52b1aa) Importer(815301076,1909f56bfc062723c751e8b465ee728b)
Number of updated assets reloaded before import = 0
Start importing Assets/Sprites/SuperMarket/aluminum_foil.png using Guid(01db2146b4101f14fbfd80c34e52b1aa) Importer(815301076,1909f56bfc062723c751e8b465ee728b)  -> (artifact id: '05b0b3004b034eedf38ee934667840c5') in 0.023382 seconds 
Number of asset objects unloaded after import = 3
========================================================================
Received Import Request.
  Time since last request: 0.000083 seconds.
  path: Assets/Sprites/SuperMarket/bacon.png
  artifactKey: Guid(2df53545785b41d488bfd4aa2132d242) Importer(815301076,1909f56bfc062723c751e8b465ee728b)
Number of updated assets reloaded before import = 0
Start importing Assets/Sprites/SuperMarket/bacon.png using Guid(2df53545785b41d488bfd4aa2132d242) Importer(815301076,1909f56bfc062723c751e8b465ee728b)  -> (artifact id: 'c0d9e5caef6d2ea449790add6040145e') in 0.031622 seconds 
Number of asset objects unloaded after import = 3
========================================================================
Received Import Request.
  Time since last request: 0.000071 seconds.
  path: Assets/Sprites/SuperMarket/American_cheese_p.png
  artifactKey: Guid(b0ebfef2c7ddad94cb1e7788ba323052) Importer(815301076,1909f56bfc062723c751e8b465ee728b)
Number of updated assets reloaded before import = 0
Start importing Assets/Sprites/SuperMarket/American_cheese_p.png using Guid(b0ebfef2c7ddad94cb1e7788ba323052) Importer(815301076,1909f56bfc062723c751e8b465ee728b)  -> (artifact id: 'b78e8f38367dd102f8376fb53b344353') in 0.020891 seconds 
Number of asset objects unloaded after import = 3
========================================================================
Received Import Request.
  Time since last request: 0.000084 seconds.
  path: Assets/Sprites/SuperMarket/ball_pen.png
  artifactKey: Guid(02f8cb0f5ccecfb4a93cd77f552ffa7c) Importer(815301076,1909f56bfc062723c751e8b465ee728b)
Number of updated assets reloaded before import = 0
Start importing Assets/Sprites/SuperMarket/ball_pen.png using Guid(02f8cb0f5ccecfb4a93cd77f552ffa7c) Importer(815301076,1909f56bfc062723c751e8b465ee728b)  -> (artifact id: 'd1ca8b60d869a3ed813581707a1cd63c') in 0.024192 seconds 
Number of asset objects unloaded after import = 3
========================================================================
Received Import Request.
  Time since last request: 0.000395 seconds.
  path: Assets/Sprites/SuperMarket/body_lotion.png
  artifactKey: Guid(d2e5ea78e83f2d0449bde0bea06f6c40) Importer(815301076,1909f56bfc062723c751e8b465ee728b)
Number of updated assets reloaded before import = 0
Start importing Assets/Sprites/SuperMarket/body_lotion.png using Guid(d2e5ea78e83f2d0449bde0bea06f6c40) Importer(815301076,1909f56bfc062723c751e8b465ee728b)  -> (artifact id: 'd1561dfee155891b87b167ae512e86af') in 0.024216 seconds 
Number of asset objects unloaded after import = 3
========================================================================
Received Import Request.
  Time since last request: 0.000820 seconds.
  path: Assets/Sprites/SuperMarket/banana.png
  artifactKey: Guid(ec09648b446467e4ab5be56427a02451) Importer(815301076,1909f56bfc062723c751e8b465ee728b)
Number of updated assets reloaded before import = 0
Start importing Assets/Sprites/SuperMarket/banana.png using Guid(ec09648b446467e4ab5be56427a02451) Importer(815301076,1909f56bfc062723c751e8b465ee728b)  -> (artifact id: '1fbfaf0f2e8d97fc9b555a210f8d2a67') in 0.024201 seconds 
Number of asset objects unloaded after import = 3
========================================================================
Received Import Request.
  Time since last request: 0.000845 seconds.
  path: Assets/Sprites/SuperMarket/bandage_box.png
  artifactKey: Guid(53b884c9f8eab554ab2de86502086699) Importer(815301076,1909f56bfc062723c751e8b465ee728b)
Number of updated assets reloaded before import = 0
Start importing Assets/Sprites/SuperMarket/bandage_box.png using Guid(53b884c9f8eab554ab2de86502086699) Importer(815301076,1909f56bfc062723c751e8b465ee728b)  -> (artifact id: '9827ec02557de1fd697f44973f783cc3') in 0.023525 seconds 
Number of asset objects unloaded after import = 3
========================================================================
Received Import Request.
  Time since last request: 0.000081 seconds.
  path: Assets/Sprites/SuperMarket/bell_pepper.png
  artifactKey: Guid(1513f173766673e47950e0b674c420f7) Importer(815301076,1909f56bfc062723c751e8b465ee728b)
Number of updated assets reloaded before import = 0
Start importing Assets/Sprites/SuperMarket/bell_pepper.png using Guid(1513f173766673e47950e0b674c420f7) Importer(815301076,1909f56bfc062723c751e8b465ee728b)  -> (artifact id: '24924b4be66a346c350078e3e34bd7b3') in 0.024127 seconds 
Number of asset objects unloaded after import = 3
========================================================================
Received Import Request.
  Time since last request: 8.991398 seconds.
  path: Assets/Prefabs/BuyButton.prefab
  artifactKey: Guid(1de56aea85a8e4623bf9b319439e87f7) Importer(815301076,1909f56bfc062723c751e8b465ee728b)
Number of updated assets reloaded before import = 0
Start importing Assets/Prefabs/BuyButton.prefab using Guid(1de56aea85a8e4623bf9b319439e87f7) Importer(815301076,1909f56bfc062723c751e8b465ee728b)  -> (artifact id: 'cbc48db49cd5305349a0e7f42bdb28ca') in 0.305883 seconds 
Number of asset objects unloaded after import = 77
========================================================================
Received Import Request.
  Time since last request: 0.000075 seconds.
  path: Assets/Prefabs/BuyButton_Platform.prefab
  artifactKey: Guid(78981a37771b8498cbf6b7cce7cd6320) Importer(815301076,1909f56bfc062723c751e8b465ee728b)
Number of updated assets reloaded before import = 0
Start importing Assets/Prefabs/BuyButton_Platform.prefab using Guid(78981a37771b8498cbf6b7cce7cd6320) Importer(815301076,1909f56bfc062723c751e8b465ee728b)  -> (artifact id: '84f6b7125acee93a84d159fb89918468') in 0.061098 seconds 
Number of asset objects unloaded after import = 50
========================================================================
Received Import Request.
  Time since last request: 0.000093 seconds.
  path: Assets/Prefabs/GoalPipe.prefab
  artifactKey: Guid(625b28016f1d5184e91d1654ba32f826) Importer(815301076,1909f56bfc062723c751e8b465ee728b)
Number of updated assets reloaded before import = 0
Start importing Assets/Prefabs/GoalPipe.prefab using Guid(625b28016f1d5184e91d1654ba32f826) Importer(815301076,1909f56bfc062723c751e8b465ee728b)  -> (artifact id: '1eb71cca911f72220f152724a1b02714') in 0.019667 seconds 
Number of asset objects unloaded after import = 59
========================================================================
Received Import Request.
  Time since last request: 0.000403 seconds.
  path: Assets/Prefabs/GoalCup.prefab
  artifactKey: Guid(7d51da4d11da844119d29ded2ab675db) Importer(815301076,1909f56bfc062723c751e8b465ee728b)
Number of updated assets reloaded before import = 0
Start importing Assets/Prefabs/GoalCup.prefab using Guid(7d51da4d11da844119d29ded2ab675db) Importer(815301076,1909f56bfc062723c751e8b465ee728b)  -> (artifact id: 'c2366b95c78a3dab34f37e555fe842a9') in 0.016514 seconds 
Number of asset objects unloaded after import = 57
========================================================================
Received Import Request.
  Time since last request: 0.000278 seconds.
  path: Assets/Prefabs/Canvas.prefab
  artifactKey: Guid(31c8d5669f11a4a16831a43f90d389fe) Importer(815301076,1909f56bfc062723c751e8b465ee728b)
Number of updated assets reloaded before import = 0
Start importing Assets/Prefabs/Canvas.prefab using Guid(31c8d5669f11a4a16831a43f90d389fe) Importer(815301076,1909f56bfc062723c751e8b465ee728b)  -> (artifact id: '1113d51303392e042bf8367017ecae93') in 0.057329 seconds 
Number of asset objects unloaded after import = 351
========================================================================
Received Import Request.
  Time since last request: 0.000073 seconds.
  path: Assets/Prefabs/BuyButton_Conveyor.prefab
  artifactKey: Guid(1e8874b15f56044b19b8ef80145ac240) Importer(815301076,1909f56bfc062723c751e8b465ee728b)
Number of updated assets reloaded before import = 0
Start importing Assets/Prefabs/BuyButton_Conveyor.prefab using Guid(1e8874b15f56044b19b8ef80145ac240) Importer(815301076,1909f56bfc062723c751e8b465ee728b)  -> (artifact id: 'deb0e8d563ff89239e1788b85eec4f75') in 0.037081 seconds 
Number of asset objects unloaded after import = 72
========================================================================
Received Import Request.
  Time since last request: 0.000556 seconds.
  path: Assets/Prefabs/BuyButton_Spinner.prefab
  artifactKey: Guid(e551c6ec8a39140afafbfedb18bc6fbd) Importer(815301076,1909f56bfc062723c751e8b465ee728b)
Number of updated assets reloaded before import = 0
Start importing Assets/Prefabs/BuyButton_Spinner.prefab using Guid(e551c6ec8a39140afafbfedb18bc6fbd) Importer(815301076,1909f56bfc062723c751e8b465ee728b)  -> (artifact id: 'ef4bb9c7c993a2f7eda525d5e654512f') in 0.036718 seconds 
Number of asset objects unloaded after import = 58
========================================================================
Received Import Request.
  Time since last request: 1.142005 seconds.
  path: Assets/Prefabs/GoalPipe_Waffles.prefab
  artifactKey: Guid(d06a2ea742937406e800f5e2dde4f617) Importer(815301076,1909f56bfc062723c751e8b465ee728b)
Number of updated assets reloaded before import = 0
Start importing Assets/Prefabs/GoalPipe_Waffles.prefab using Guid(d06a2ea742937406e800f5e2dde4f617) Importer(815301076,1909f56bfc062723c751e8b465ee728b)  -> (artifact id: '263ffa49ffb86379cf08e12efe2336dd') in 0.016262 seconds 
Number of asset objects unloaded after import = 60
========================================================================
Received Import Request.
  Time since last request: 0.136017 seconds.
  path: Assets/Prefabs/Spawner.prefab
  artifactKey: Guid(4fc48ac63e7a44825ae9cf803beb85b0) Importer(815301076,1909f56bfc062723c751e8b465ee728b)
Number of updated assets reloaded before import = 0
Start importing Assets/Prefabs/Spawner.prefab using Guid(4fc48ac63e7a44825ae9cf803beb85b0) Importer(815301076,1909f56bfc062723c751e8b465ee728b)  -> (artifact id: '9efa9d9a11a33e2fa0e44c8b9b990136') in 0.013576 seconds 
Number of asset objects unloaded after import = 32
========================================================================
Received Import Request.
  Time since last request: 10.989775 seconds.
  path: Assets/TextMesh Pro/Resources/TMP Settings.asset
  artifactKey: Guid(3f5b5dff67a942289a9defa416b206f3) Importer(815301076,1909f56bfc062723c751e8b465ee728b)
Number of updated assets reloaded before import = 0
Start importing Assets/TextMesh Pro/Resources/TMP Settings.asset using Guid(3f5b5dff67a942289a9defa416b206f3) Importer(815301076,1909f56bfc062723c751e8b465ee728b)  -> (artifact id: 'e85b28badd962fe8a46309b5083c3795') in 0.043184 seconds 
Number of asset objects unloaded after import = 15
========================================================================
Received Import Request.
  Time since last request: 0.557560 seconds.
  path: Assets/TextMesh Pro/Resources/Sprite Assets/EmojiOne.asset
  artifactKey: Guid(c41005c129ba4d66911b75229fd70b45) Importer(815301076,1909f56bfc062723c751e8b465ee728b)
Number of updated assets reloaded before import = 0
Start importing Assets/TextMesh Pro/Resources/Sprite Assets/EmojiOne.asset using Guid(c41005c129ba4d66911b75229fd70b45) Importer(815301076,1909f56bfc062723c751e8b465ee728b)  -> (artifact id: '2e19ab56d1c981f4ad9a7ee9be1dc286') in 0.008488 seconds 
Number of asset objects unloaded after import = 3
========================================================================
Received Import Request.
  Time since last request: 1.327468 seconds.
  path: Assets/TextMesh Pro/Resources/Fonts & Materials/LiberationSans SDF.asset
  artifactKey: Guid(8f586378b4e144a9851e7b34d9b748ee) Importer(815301076,1909f56bfc062723c751e8b465ee728b)
Number of updated assets reloaded before import = 0
Start importing Assets/TextMesh Pro/Resources/Fonts & Materials/LiberationSans SDF.asset using Guid(8f586378b4e144a9851e7b34d9b748ee) Importer(815301076,1909f56bfc062723c751e8b465ee728b)  -> (artifact id: '998c351d76ab88e0a67927333dc0bccc') in 1.010609 seconds 
Number of asset objects unloaded after import = 9
========================================================================
Received Import Request.
  Time since last request: 0.000075 seconds.
  path: Assets/TextMesh Pro/Resources/Fonts & Materials/LiberationSans SDF - Outline.mat
  artifactKey: Guid(79459efec17a4d00a321bdcc27bbc385) Importer(815301076,1909f56bfc062723c751e8b465ee728b)
Number of updated assets reloaded before import = 0
Start importing Assets/TextMesh Pro/Resources/Fonts & Materials/LiberationSans SDF - Outline.mat using Guid(79459efec17a4d00a321bdcc27bbc385) Importer(815301076,1909f56bfc062723c751e8b465ee728b)  -> (artifact id: '286402e8bd03b5ebdbeca8f3a71b8d66') in 0.351300 seconds 
Number of asset objects unloaded after import = 2
========================================================================
Received Import Request.
  Time since last request: 0.000114 seconds.
  path: Assets/TextMesh Pro/Resources/Fonts & Materials/LiberationSans SDF - Fallback.asset
  artifactKey: Guid(2e498d1c8094910479dc3e1b768306a4) Importer(815301076,1909f56bfc062723c751e8b465ee728b)
Number of updated assets reloaded before import = 0
Start importing Assets/TextMesh Pro/Resources/Fonts & Materials/LiberationSans SDF - Fallback.asset using Guid(2e498d1c8094910479dc3e1b768306a4) Importer(815301076,1909f56bfc062723c751e8b465ee728b)  -> (artifact id: '2be46c19d52471c06ac1081e9ab13db5') in 0.025601 seconds 
Number of asset objects unloaded after import = 6
========================================================================
Received Import Request.
  Time since last request: 0.000069 seconds.
  path: Assets/TextMesh Pro/Resources/Fonts & Materials/LiberationSans SDF - Drop Shadow.mat
  artifactKey: Guid(e73a58f6e2794ae7b1b7e50b7fb811b0) Importer(815301076,1909f56bfc062723c751e8b465ee728b)
Number of updated assets reloaded before import = 0
Start importing Assets/TextMesh Pro/Resources/Fonts & Materials/LiberationSans SDF - Drop Shadow.mat using Guid(e73a58f6e2794ae7b1b7e50b7fb811b0) Importer(815301076,1909f56bfc062723c751e8b465ee728b)  -> (artifact id: '4f1bfae23dbc99fddd7262a156a8773d') in 0.200716 seconds 
Number of asset objects unloaded after import = 2
========================================================================
Received Import Request.
  Time since last request: 3.283071 seconds.
  path: Assets/AutoSave/AutoSaveConfig.asset
  artifactKey: Guid(359892e9909964e7db7ff7bee7f9f967) Importer(815301076,1909f56bfc062723c751e8b465ee728b)
Number of updated assets reloaded before import = 0
Start importing Assets/AutoSave/AutoSaveConfig.asset using Guid(359892e9909964e7db7ff7bee7f9f967) Importer(815301076,1909f56bfc062723c751e8b465ee728b)  -> (artifact id: 'e848594216bf0b44340c8d0a505584a1') in 0.003987 seconds 
Number of asset objects unloaded after import = 1
========================================================================
Received Import Request.
  Time since last request: 3.112372 seconds.
  path: Assets/Materials/PostProcessing
  artifactKey: Guid(25ecc723444b64b8e960187185155d3a) Importer(815301076,1909f56bfc062723c751e8b465ee728b)
Number of updated assets reloaded before import = 0
Start importing Assets/Materials/PostProcessing using Guid(25ecc723444b64b8e960187185155d3a) Importer(815301076,1909f56bfc062723c751e8b465ee728b)  -> (artifact id: '4ae1e580a945ee3b880d82750911d2fe') in 0.004124 seconds 
Number of asset objects unloaded after import = 0
========================================================================
Received Import Request.
  Time since last request: 7.575784 seconds.
  path: Assets/Prefabs/FactoryObject - Player Moveable
  artifactKey: Guid(7d74909793e824e30a8e85166d0db311) Importer(815301076,1909f56bfc062723c751e8b465ee728b)
Number of updated assets reloaded before import = 0
Start importing Assets/Prefabs/FactoryObject - Player Moveable using Guid(7d74909793e824e30a8e85166d0db311) Importer(815301076,1909f56bfc062723c751e8b465ee728b)  -> (artifact id: 'af7cbaaaa74a0e288115bb9d39655056') in 0.001494 seconds 
Number of asset objects unloaded after import = 0
========================================================================
Received Import Request.
  Time since last request: 0.083528 seconds.
  path: Assets/Prefabs/FactoryObject - Player Moveable/ConveyerBelt.prefab
  artifactKey: Guid(bbcab9977bffa4bb29270a143844688f) Importer(815301076,1909f56bfc062723c751e8b465ee728b)
Number of updated assets reloaded before import = 0
Start importing Assets/Prefabs/FactoryObject - Player Moveable/ConveyerBelt.prefab using Guid(bbcab9977bffa4bb29270a143844688f) Importer(815301076,1909f56bfc062723c751e8b465ee728b)  -> (artifact id: '914b50f0c7659bc08620380378a11abd') in 0.015790 seconds 
Number of asset objects unloaded after import = 27
========================================================================
Received Import Request.
  Time since last request: 0.000144 seconds.
  path: Assets/Prefabs/FactoryObject - Player Moveable/Platform.prefab
  artifactKey: Guid(644b4aa29b8d545df8a670be7e2720cd) Importer(815301076,1909f56bfc062723c751e8b465ee728b)
Number of updated assets reloaded before import = 0
Start importing Assets/Prefabs/FactoryObject - Player Moveable/Platform.prefab using Guid(644b4aa29b8d545df8a670be7e2720cd) Importer(815301076,1909f56bfc062723c751e8b465ee728b)  -> (artifact id: '8b28bb02767a3e67e37e1f7af62f705d') in 0.020181 seconds 
Number of asset objects unloaded after import = 13
========================================================================
Received Import Request.
  Time since last request: 0.000078 seconds.
  path: Assets/Prefabs/FactoryObject - Player Moveable/Spinner.prefab
  artifactKey: Guid(1ea9a90c6771d434b96ac80dd2836dfc) Importer(815301076,1909f56bfc062723c751e8b465ee728b)
Number of updated assets reloaded before import = 0
Start importing Assets/Prefabs/FactoryObject - Player Moveable/Spinner.prefab using Guid(1ea9a90c6771d434b96ac80dd2836dfc) Importer(815301076,1909f56bfc062723c751e8b465ee728b)  -> (artifact id: '2a33b66219a9cea44fdbef4b2555fceb') in 0.014454 seconds 
Number of asset objects unloaded after import = 17
========================================================================
Received Import Request.
  Time since last request: 11.855471 seconds.
  path: Assets/Prefabs/Food/Bun.prefab
  artifactKey: Guid(7b441ea2e2f7544a0a93dcd08169daa7) Importer(815301076,1909f56bfc062723c751e8b465ee728b)
Number of updated assets reloaded before import = 0
Start importing Assets/Prefabs/Food/Bun.prefab using Guid(7b441ea2e2f7544a0a93dcd08169daa7) Importer(815301076,1909f56bfc062723c751e8b465ee728b)  -> (artifact id: 'a5d73aba25e148b69f28d87a4c4dda92') in 0.017864 seconds 
Number of asset objects unloaded after import = 11
========================================================================
Received Import Request.
  Time since last request: 0.000198 seconds.
  path: Assets/Prefabs/Food/Burger.prefab
  artifactKey: Guid(82d55d35dd79c4ecda6dde49c721da58) Importer(815301076,1909f56bfc062723c751e8b465ee728b)
Number of updated assets reloaded before import = 0
Start importing Assets/Prefabs/Food/Burger.prefab using Guid(82d55d35dd79c4ecda6dde49c721da58) Importer(815301076,1909f56bfc062723c751e8b465ee728b)  -> (artifact id: '5c73e19bad604fab2be14f637e612453') in 0.011122 seconds 
Number of asset objects unloaded after import = 10
========================================================================
Received Import Request.
  Time since last request: 0.000072 seconds.
  path: Assets/Prefabs/Food/Steak.prefab
  artifactKey: Guid(6d08a3c4c05834aff99bf1a62ec29fc0) Importer(815301076,1909f56bfc062723c751e8b465ee728b)
Number of updated assets reloaded before import = 0
Start importing Assets/Prefabs/Food/Steak.prefab using Guid(6d08a3c4c05834aff99bf1a62ec29fc0) Importer(815301076,1909f56bfc062723c751e8b465ee728b)  -> (artifact id: 'd29ef3f1021154b57b22dc60a6da949c') in 0.018561 seconds 
Number of asset objects unloaded after import = 10
========================================================================
Received Import Request.
  Time since last request: 0.000083 seconds.
  path: Assets/Prefabs/Food/Bun_tutorial.prefab
  artifactKey: Guid(ce73a14a002c64f6ebdb96e55db4ee3b) Importer(815301076,1909f56bfc062723c751e8b465ee728b)
Number of updated assets reloaded before import = 0
Start importing Assets/Prefabs/Food/Bun_tutorial.prefab using Guid(ce73a14a002c64f6ebdb96e55db4ee3b) Importer(815301076,1909f56bfc062723c751e8b465ee728b)  -> (artifact id: '8842d8dc63cb89ecc4adb832a107d735') in 0.012387 seconds 
Number of asset objects unloaded after import = 11
========================================================================
Received Import Request.
  Time since last request: 256.538277 seconds.
  path: Assets/Scenes/Level 2.unity
  artifactKey: Guid(8a447cd118df94af68b1032c471ef904) Importer(815301076,1909f56bfc062723c751e8b465ee728b)
Number of updated assets reloaded before import = 0
Start importing Assets/Scenes/Level 2.unity using Guid(8a447cd118df94af68b1032c471ef904) Importer(815301076,1909f56bfc062723c751e8b465ee728b)  -> (artifact id: '207b0db257c565355e344de724506531') in 0.011104 seconds 
Number of asset objects unloaded after import = 0
========================================================================
Received Import Request.
  Time since last request: 13.187506 seconds.
  path: Assets/Scenes/Level 4.unity
  artifactKey: Guid(fe95a294b33cb469e8da3941c606b379) Importer(815301076,1909f56bfc062723c751e8b465ee728b)
Number of updated assets reloaded before import = 0
Start importing Assets/Scenes/Level 4.unity using Guid(fe95a294b33cb469e8da3941c606b379) Importer(815301076,1909f56bfc062723c751e8b465ee728b)  -> (artifact id: 'aa5471666c686686a3a3693ad71db6b2') in 0.006836 seconds 
Number of asset objects unloaded after import = 0
========================================================================
Received Prepare
Begin MonoManager ReloadAssembly
Symbol file LoadedFromMemory doesn't match image /Users/net/Game-Design_Digital-Game-Project/Library/PackageCache/com.unity.visualscripting@1.7.8/Editor/VisualScripting.Core/Dependencies/YamlDotNet/Unity.VisualScripting.YamlDotNet.dll
Symbol file LoadedFromMemory doesn't match image /Users/net/Game-Design_Digital-Game-Project/Library/PackageCache/com.unity.visualscripting@1.7.8/Editor/VisualScripting.Core/Dependencies/DotNetZip/Unity.VisualScripting.IonicZip.dll
- Loaded All Assemblies, in  2.074 seconds
Refreshing native plugins compatible for Editor in 4.91 ms, found 3 plugins.
Native extension for OSXStandalone target not found
Mono: successfully reloaded assembly
- Finished resetting the current domain, in  2.700 seconds
Domain Reload Profiling:
	ReloadAssembly (558ms)
		BeginReloadAssembly (405ms)
			ExecutionOrderSort (0ms)
			DisableScriptedObjects (23ms)
			BackupInstance (0ms)
			ReleaseScriptingObjects (0ms)
			CreateAndSetChildDomain (240ms)
		LoadAllAssembliesAndSetupDomain (1516ms)
			LoadAssemblies (137ms)
			RebuildTransferFunctionScriptingTraits (0ms)
			SetupTypeCache (1460ms)
				TypeCache.Initialize (662ms)
					TypeCache.ScanAssembly (648ms)
				ResolveRequiredComponents (14ms)
		FinalizeReload (0ms)
			ReleaseScriptCaches (0ms)
			RebuildScriptCaches (0ms)
			SetupLoadedEditorAssemblies (981ms)
				LogAssemblyErrors (0ms)
				InitializePlatformSupportModulesInManaged (18ms)
				SetLoadedEditorAssemblies (24ms)
				RefreshPlugins (0ms)
				BeforeProcessingInitializeOnLoad (144ms)
				ProcessInitializeOnLoadAttributes (651ms)
				ProcessInitializeOnLoadMethodAttributes (141ms)
				AfterProcessingInitializeOnLoad (3ms)
				EditorAssembliesLoaded (0ms)
			ExecutionOrderSort2 (0ms)
			AwakeInstancesAfterBackupRestoration (16ms)
Refreshing native plugins compatible for Editor in 4.89 ms, found 3 plugins.
Preloading 0 native plugins for Editor in 0.00 ms.
Unloading 4372 Unused Serialized files (Serialized files now loaded: 0)
Unloading 45 unused Assets / (1.3 MB). Loaded Objects now: 4923.
Memory consumption went from 0.80 GB to 0.80 GB.
Total: 7.545746 ms (FindLiveObjects: 0.569597 ms CreateObjectMapping: 0.556429 ms MarkObjects: 5.919173 ms  DeleteObjects: 0.499303 ms)

AssetImportParameters requested are different than current active one (requested -> active):
  custom:container-demuxer-ogg: 62fdf1f143b41e24485cea50d1cbac27 -> 
  custom:video-decoder-ogg-theora: a1e56fd34408186e4bbccfd4996cb3dc -> 
  custom:container-demuxer-webm: 4f35f7cbe854078d1ac9338744f61a02 -> 
  custom:container-muxer-webm: aa71ff27fc2769a1b78a27578f13a17b -> 
  custom:video-decoder-webm-vp8: 9c59270c3fd7afecdb556c50c9e8de78 -> 
  custom:AudioImporter_EditorPlatform: 3918e3fc78b5a79bad01e8451be0beb8 -> 
  custom:framework-osx-AVFoundation: e770b220cccbd017edd2c1fefb359320 -> 
  custom:video-encoder-webm-vp8: eb34c28f22e8b96e1ab97ce403110664 -> 
  custom:audio-decoder-ogg-vorbis: bf7c407c2cedff20999df2af8eb42d56 -> 
  custom:audio-encoder-webm-vorbis: bf7c407c2cedff20999df2af8eb42d56 -> 
========================================================================
Received Import Request.
  Time since last request: 91.343480 seconds.
  path: Assets/Scenes/QuickLevel_1.unity
  artifactKey: Guid(be8d2b76d6e6c42cc9cf2f99c88ee3c0) Importer(815301076,1909f56bfc062723c751e8b465ee728b)
Number of updated assets reloaded before import = 0
Start importing Assets/Scenes/QuickLevel_1.unity using Guid(be8d2b76d6e6c42cc9cf2f99c88ee3c0) Importer(815301076,1909f56bfc062723c751e8b465ee728b)  -> (artifact id: '80bb845fa5c03ec15e45a6d64c5582e5') in 0.012633 seconds 
Number of asset objects unloaded after import = 0
========================================================================
Received Import Request.
  Time since last request: 1.493091 seconds.
  path: Assets/Scenes/Tutorial Level.unity
  artifactKey: Guid(2aff9568663304fa393a270cafdec1be) Importer(815301076,1909f56bfc062723c751e8b465ee728b)
Number of updated assets reloaded before import = 0
Start importing Assets/Scenes/Tutorial Level.unity using Guid(2aff9568663304fa393a270cafdec1be) Importer(815301076,1909f56bfc062723c751e8b465ee728b)  -> (artifact id: '6b54adf1696a297a5cccda9711a7bffe') in 0.006038 seconds 
Number of asset objects unloaded after import = 0
========================================================================
Received Import Request.
  Time since last request: 5.947815 seconds.
  path: Assets/Scenes/Tutorial Level 2.unity
  artifactKey: Guid(9131aeb5905e34a9ea2827bc3788ea1c) Importer(815301076,1909f56bfc062723c751e8b465ee728b)
Number of updated assets reloaded before import = 0
Start importing Assets/Scenes/Tutorial Level 2.unity using Guid(9131aeb5905e34a9ea2827bc3788ea1c) Importer(815301076,1909f56bfc062723c751e8b465ee728b)  -> (artifact id: 'd2831a7eaa8296bf664b8d748fa7e518') in 0.001927 seconds 
Number of asset objects unloaded after import = 0
========================================================================
Received Import Request.
  Time since last request: 11.290303 seconds.
  path: Assets/Scenes/Level5Scenes.unity
  artifactKey: Guid(5b22c1fc13d95d742a1dc5a8ecc54f9d) Importer(815301076,1909f56bfc062723c751e8b465ee728b)
Number of updated assets reloaded before import = 0
Start importing Assets/Scenes/Level5Scenes.unity using Guid(5b22c1fc13d95d742a1dc5a8ecc54f9d) Importer(815301076,1909f56bfc062723c751e8b465ee728b)  -> (artifact id: 'c21c6417c16e2809483f1161b12dedc0') in 0.002951 seconds 
Number of asset objects unloaded after import = 0
